<?xml version="1.0" encoding="UTF-8"?>
<!-- Generated by org.testng.reporters.JUnitReportReporter -->
<testsuite skipped="0" hostname="XIPL0658" name="baseTest.BaseTest" tests="1" failures="0" timestamp="2020-03-11T15:10:21 IST" time="0.006" errors="0">
  <testcase name="sum" time="0.006" classname="baseTest.BaseTest"/>
  <system-out/>
</testsuite> <!-- baseTest.BaseTest -->
