<?xml version="1.0" encoding="UTF-8"?>
<!-- Generated by org.testng.reporters.JUnitReportReporter -->
<testsuite skipped="0" hostname="XIPL0658" name="apiTest.GetAPI" tests="1" failures="0" timestamp="2020-03-12T10:39:59 IST" time="2.472" errors="0">
  <testcase name="getAPI" time="2.472" classname="apiTest.GetAPI"/>
  <system-out/>
</testsuite> <!-- apiTest.GetAPI -->
