<?xml version="1.0" encoding="UTF-8"?>
<!-- Generated by org.testng.reporters.JUnitReportReporter -->
<testsuite skipped="0" hostname="XIPL0658" name="RestTest.rest" tests="1" failures="0" timestamp="2020-03-12T13:01:34 IST" time="0.006" errors="0">
  <testcase name="swipeTest" time="0.006" classname="RestTest.rest"/>
  <system-out/>
</testsuite> <!-- RestTest.rest -->
