<?xml version="1.0" encoding="UTF-8"?>
<!-- Generated by org.testng.reporters.JUnitReportReporter -->
<testsuite skipped="0" hostname="XIPL0658" name="baseTest.GetAPI" tests="1" failures="0" timestamp="2020-03-11T17:23:58 IST" time="1.328" errors="0">
  <testcase name="getAPI" time="1.328" classname="baseTest.GetAPI"/>
  <system-out/>
</testsuite> <!-- baseTest.GetAPI -->
